  [1m[36m (78.9ms)[0m  [1mCREATE TABLE `schema_migrations` (`version` varchar(255) NOT NULL) ENGINE=InnoDB[0m
  [1m[35m (35.2ms)[0m  CREATE UNIQUE INDEX `unique_schema_migrations`  ON `schema_migrations` (`version`) 
  [1m[36mActiveRecord::SchemaMigration Load (1.9ms)[0m  [1mSELECT `schema_migrations`.* FROM `schema_migrations`[0m
Migrating to CreateTodos (20161119121021)
DEPRECATION WARNING: `#timestamps` was called without specifying an option for `null`. In Rails 5, this behavior will change to `null: false`. You should manually specify `null: true` to prevent the behavior of your existing migrations from changing. (called from block in change at /Users/hayashiyoshino/projects/JavaScript-projects/todo_app2/memo_app2/db/migrate/20161119121021_create_todos.rb:5)
  [1m[35m (59.2ms)[0m  CREATE TABLE `todos` (`id` int(11) auto_increment PRIMARY KEY, `content` varchar(255), `created_at` datetime, `updated_at` datetime) ENGINE=InnoDB
  [1m[36m (0.2ms)[0m  [1mBEGIN[0m
  [1m[35mSQL (29.5ms)[0m  INSERT INTO `schema_migrations` (`version`) VALUES ('20161119121021')
  [1m[36m (0.9ms)[0m  [1mCOMMIT[0m
  [1m[35mActiveRecord::SchemaMigration Load (0.2ms)[0m  SELECT `schema_migrations`.* FROM `schema_migrations`
  [1m[36m (29.6ms)[0m  [1mSELECT fk.referenced_table_name as 'to_table'
      ,fk.referenced_column_name as 'primary_key'
      ,fk.column_name as 'column'
      ,fk.constraint_name as 'name'
FROM information_schema.key_column_usage fk
WHERE fk.referenced_column_name is not null
  AND fk.table_schema = 'todo_app2_development'
  AND fk.table_name = 'todos'
[0m
  [1m[35m (0.2ms)[0m  SHOW CREATE TABLE `todos`


Started GET "/" for ::1 at 2018-09-28 19:54:33 +0900
  [1m[36mActiveRecord::SchemaMigration Load (0.2ms)[0m  [1mSELECT `schema_migrations`.* FROM `schema_migrations`[0m

SyntaxError (/Users/hayashiyoshino/projects/JavaScript-projects/todo_app2/memo_app2/app/controllers/todos_controller.rb:13: syntax error, unexpected keyword_else, expecting keyword_end
/Users/hayashiyoshino/projects/JavaScript-projects/todo_app2/memo_app2/app/controllers/todos_controller.rb:24: syntax error, unexpected end-of-input, expecting keyword_end):
  app/controllers/todos_controller.rb:13: syntax error, unexpected keyword_else, expecting keyword_end
  app/controllers/todos_controller.rb:24: syntax error, unexpected end-of-input, expecting keyword_end


  Rendered /Users/hayashiyoshino/.rbenv/versions/2.3.1/lib/ruby/gems/2.3.0/gems/actionpack-4.2.6/lib/action_dispatch/middleware/templates/rescues/_source.erb (3.0ms)
  Rendered /Users/hayashiyoshino/.rbenv/versions/2.3.1/lib/ruby/gems/2.3.0/gems/actionpack-4.2.6/lib/action_dispatch/middleware/templates/rescues/_trace.html.erb (2.5ms)
  Rendered /Users/hayashiyoshino/.rbenv/versions/2.3.1/lib/ruby/gems/2.3.0/gems/actionpack-4.2.6/lib/action_dispatch/middleware/templates/rescues/_request_and_response.html.erb (15.4ms)
  Rendered /Users/hayashiyoshino/.rbenv/versions/2.3.1/lib/ruby/gems/2.3.0/gems/actionpack-4.2.6/lib/action_dispatch/middleware/templates/rescues/diagnostics.html.erb within rescues/layout (107.9ms)
  Rendered /Users/hayashiyoshino/.rbenv/versions/2.3.1/lib/ruby/gems/2.3.0/gems/web-console-2.3.0/lib/web_console/templates/_markup.html.erb (0.4ms)
  Rendered /Users/hayashiyoshino/.rbenv/versions/2.3.1/lib/ruby/gems/2.3.0/gems/web-console-2.3.0/lib/web_console/templates/_inner_console_markup.html.erb within layouts/inlined_string (0.3ms)
  Rendered /Users/hayashiyoshino/.rbenv/versions/2.3.1/lib/ruby/gems/2.3.0/gems/web-console-2.3.0/lib/web_console/templates/_prompt_box_markup.html.erb within layouts/inlined_string (0.3ms)
  Rendered /Users/hayashiyoshino/.rbenv/versions/2.3.1/lib/ruby/gems/2.3.0/gems/web-console-2.3.0/lib/web_console/templates/style.css.erb within layouts/inlined_string (0.3ms)
  Rendered /Users/hayashiyoshino/.rbenv/versions/2.3.1/lib/ruby/gems/2.3.0/gems/web-console-2.3.0/lib/web_console/templates/console.js.erb within layouts/javascript (92.5ms)
  Rendered /Users/hayashiyoshino/.rbenv/versions/2.3.1/lib/ruby/gems/2.3.0/gems/web-console-2.3.0/lib/web_console/templates/main.js.erb within layouts/javascript (0.3ms)
  Rendered /Users/hayashiyoshino/.rbenv/versions/2.3.1/lib/ruby/gems/2.3.0/gems/web-console-2.3.0/lib/web_console/templates/error_page.js.erb within layouts/javascript (0.5ms)
  Rendered /Users/hayashiyoshino/.rbenv/versions/2.3.1/lib/ruby/gems/2.3.0/gems/web-console-2.3.0/lib/web_console/templates/index.html.erb (196.7ms)


Started GET "/" for ::1 at 2018-09-28 19:54:45 +0900

SyntaxError (/Users/hayashiyoshino/projects/JavaScript-projects/todo_app2/memo_app2/app/controllers/todos_controller.rb:13: syntax error, unexpected keyword_else, expecting keyword_end
/Users/hayashiyoshino/projects/JavaScript-projects/todo_app2/memo_app2/app/controllers/todos_controller.rb:24: syntax error, unexpected end-of-input, expecting keyword_end):
  app/controllers/todos_controller.rb:13: syntax error, unexpected keyword_else, expecting keyword_end
  app/controllers/todos_controller.rb:24: syntax error, unexpected end-of-input, expecting keyword_end


  Rendered /Users/hayashiyoshino/.rbenv/versions/2.3.1/lib/ruby/gems/2.3.0/gems/actionpack-4.2.6/lib/action_dispatch/middleware/templates/rescues/_source.erb (5.4ms)
  Rendered /Users/hayashiyoshino/.rbenv/versions/2.3.1/lib/ruby/gems/2.3.0/gems/actionpack-4.2.6/lib/action_dispatch/middleware/templates/rescues/_trace.html.erb (4.8ms)
  Rendered /Users/hayashiyoshino/.rbenv/versions/2.3.1/lib/ruby/gems/2.3.0/gems/actionpack-4.2.6/lib/action_dispatch/middleware/templates/rescues/_request_and_response.html.erb (1.5ms)
  Rendered /Users/hayashiyoshino/.rbenv/versions/2.3.1/lib/ruby/gems/2.3.0/gems/actionpack-4.2.6/lib/action_dispatch/middleware/templates/rescues/diagnostics.html.erb within rescues/layout (84.4ms)
  Rendered /Users/hayashiyoshino/.rbenv/versions/2.3.1/lib/ruby/gems/2.3.0/gems/web-console-2.3.0/lib/web_console/templates/_markup.html.erb (0.5ms)
  Rendered /Users/hayashiyoshino/.rbenv/versions/2.3.1/lib/ruby/gems/2.3.0/gems/web-console-2.3.0/lib/web_console/templates/_inner_console_markup.html.erb within layouts/inlined_string (0.2ms)
  Rendered /Users/hayashiyoshino/.rbenv/versions/2.3.1/lib/ruby/gems/2.3.0/gems/web-console-2.3.0/lib/web_console/templates/_prompt_box_markup.html.erb within layouts/inlined_string (0.5ms)
  Rendered /Users/hayashiyoshino/.rbenv/versions/2.3.1/lib/ruby/gems/2.3.0/gems/web-console-2.3.0/lib/web_console/templates/style.css.erb within layouts/inlined_string (0.5ms)
  Rendered /Users/hayashiyoshino/.rbenv/versions/2.3.1/lib/ruby/gems/2.3.0/gems/web-console-2.3.0/lib/web_console/templates/console.js.erb within layouts/javascript (70.0ms)
  Rendered /Users/hayashiyoshino/.rbenv/versions/2.3.1/lib/ruby/gems/2.3.0/gems/web-console-2.3.0/lib/web_console/templates/main.js.erb within layouts/javascript (0.7ms)
  Rendered /Users/hayashiyoshino/.rbenv/versions/2.3.1/lib/ruby/gems/2.3.0/gems/web-console-2.3.0/lib/web_console/templates/error_page.js.erb within layouts/javascript (0.5ms)
  Rendered /Users/hayashiyoshino/.rbenv/versions/2.3.1/lib/ruby/gems/2.3.0/gems/web-console-2.3.0/lib/web_console/templates/index.html.erb (159.7ms)


Started GET "/" for ::1 at 2018-09-28 19:55:58 +0900
Processing by TodosController#index as HTML
  [1m[35mTodo Load (0.3ms)[0m  SELECT `todos`.* FROM `todos`  ORDER BY created_at ASC
  Rendered collection (0.0ms)
  Rendered todos/index.html.erb within layouts/application (22.7ms)
Completed 200 OK in 409ms (Views: 373.2ms | ActiveRecord: 26.9ms)


Started GET "/assets/application.self-240e383c778da988933ccf192bd89864babef745c459fe6ca845fa2e6417db1b.css?body=1" for ::1 at 2018-09-28 19:55:58 +0900


Started GET "/assets/jquery_ujs.self-784a997f6726036b1993eb2217c9cb558e1cbb801c6da88105588c56f13b466a.js?body=1" for ::1 at 2018-09-28 19:55:58 +0900


Started GET "/assets/application.self-3b8dabdc891efe46b9a144b400ad69e37d7e5876bdc39dee783419a69d7ca819.js?body=1" for ::1 at 2018-09-28 19:55:58 +0900


Started GET "/assets/turbolinks.self-c5acd7a204f5f25ce7a1d8a0e4d92e28d34c9e2df2c7371cd7af88e147e4ad82.js?body=1" for ::1 at 2018-09-28 19:55:58 +0900


Started GET "/assets/todo.self-b6d4b9702a038e530980b8d5815fc4dde1606e5f3edd159bae98283befc786e5.js?body=1" for ::1 at 2018-09-28 19:55:58 +0900


Started GET "/" for ::1 at 2018-09-28 20:40:56 +0900
Processing by TodosController#index as HTML
  [1m[36mTodo Load (0.9ms)[0m  [1mSELECT `todos`.* FROM `todos`  ORDER BY created_at ASC[0m
  Rendered collection (0.0ms)
  Rendered todos/index.html.erb within layouts/application (4.3ms)
Completed 200 OK in 91ms (Views: 89.0ms | ActiveRecord: 0.9ms)


Started GET "/assets/todo.self-97497f0aaaa2702bb46f790cc9b857ec050a66db6d3aa75bd3f25907b650eb5b.js?body=1" for ::1 at 2018-09-28 20:40:56 +0900


Started GET "/" for ::1 at 2018-09-28 20:41:12 +0900
Processing by TodosController#index as HTML
  [1m[35mTodo Load (0.2ms)[0m  SELECT `todos`.* FROM `todos`  ORDER BY created_at ASC
  Rendered collection (0.0ms)
  Rendered todos/index.html.erb within layouts/application (2.4ms)
Completed 200 OK in 27ms (Views: 25.8ms | ActiveRecord: 0.2ms)


Started GET "/" for ::1 at 2018-09-28 20:41:35 +0900
Processing by TodosController#index as HTML
  [1m[36mTodo Load (0.4ms)[0m  [1mSELECT `todos`.* FROM `todos`  ORDER BY created_at ASC[0m
  Rendered collection (0.0ms)
  Rendered todos/index.html.erb within layouts/application (3.4ms)
Completed 200 OK in 29ms (Views: 27.3ms | ActiveRecord: 0.4ms)


Started GET "/" for ::1 at 2018-09-28 21:43:39 +0900
  [1m[36mActiveRecord::SchemaMigration Load (0.6ms)[0m  [1mSELECT `schema_migrations`.* FROM `schema_migrations`[0m
Processing by TodosController#index as HTML
  [1m[35mTodo Load (0.3ms)[0m  SELECT `todos`.* FROM `todos`  ORDER BY created_at ASC
  Rendered collection (0.0ms)
  Rendered todos/index.html.erb within layouts/application (24.9ms)
Completed 200 OK in 432ms (Views: 367.0ms | ActiveRecord: 44.9ms)


Started GET "/assets/todo.self-6de75ea30970caca8e83b5e33bf485ded0090340e1b1d0e427c2efa25acc1b70.js?body=1" for ::1 at 2018-09-28 21:43:40 +0900


Started GET "/" for ::1 at 2018-09-28 21:44:05 +0900
Processing by TodosController#index as HTML
  [1m[36mTodo Load (0.3ms)[0m  [1mSELECT `todos`.* FROM `todos`  ORDER BY created_at ASC[0m
  Rendered collection (0.0ms)
  Rendered todos/index.html.erb within layouts/application (3.0ms)
Completed 200 OK in 24ms (Views: 22.8ms | ActiveRecord: 0.3ms)


Started POST "/todos.json" for ::1 at 2018-09-28 21:44:13 +0900
Processing by TodosController#create as JSON
  Parameters: {"todo"=>{"content"=>"sss"}}
Completed 500 Internal Server Error in 5ms (ActiveRecord: 0.0ms)

NoMethodError (undefined method `sava' for #<Todo id: nil, content: "sss", created_at: nil, updated_at: nil>
Did you mean?  save):
  app/controllers/todos_controller.rb:9:in `create'


  Rendered /Users/hayashiyoshino/.rbenv/versions/2.3.1/lib/ruby/gems/2.3.0/gems/actionpack-4.2.6/lib/action_dispatch/middleware/templates/rescues/_source.erb (1.8ms)
  Rendered /Users/hayashiyoshino/.rbenv/versions/2.3.1/lib/ruby/gems/2.3.0/gems/actionpack-4.2.6/lib/action_dispatch/middleware/templates/rescues/_trace.text.erb (0.7ms)
  Rendered /Users/hayashiyoshino/.rbenv/versions/2.3.1/lib/ruby/gems/2.3.0/gems/actionpack-4.2.6/lib/action_dispatch/middleware/templates/rescues/_request_and_response.text.erb (1.0ms)
  Rendered /Users/hayashiyoshino/.rbenv/versions/2.3.1/lib/ruby/gems/2.3.0/gems/actionpack-4.2.6/lib/action_dispatch/middleware/templates/rescues/diagnostics.text.erb (99.1ms)


Started GET "/" for ::1 at 2018-09-28 21:48:29 +0900
Processing by TodosController#index as HTML
  [1m[35mTodo Load (0.3ms)[0m  SELECT `todos`.* FROM `todos`  ORDER BY created_at ASC
  Rendered collection (0.0ms)
  Rendered todos/index.html.erb within layouts/application (2.5ms)
Completed 200 OK in 79ms (Views: 24.9ms | ActiveRecord: 47.7ms)


Started POST "/todos.json" for ::1 at 2018-09-28 21:48:34 +0900
Processing by TodosController#create as JSON
  Parameters: {"todo"=>{"content"=>"s"}}
  [1m[36m (0.2ms)[0m  [1mBEGIN[0m
  [1m[35mSQL (43.9ms)[0m  INSERT INTO `todos` (`content`, `created_at`, `updated_at`) VALUES ('s', '2018-09-28 12:48:34', '2018-09-28 12:48:34')
  [1m[36m (1.7ms)[0m  [1mCOMMIT[0m
Completed 200 OK in 49ms (Views: 0.3ms | ActiveRecord: 45.8ms)


Started POST "/todos.json" for ::1 at 2018-09-28 21:51:30 +0900
Processing by TodosController#create as JSON
  Parameters: {"todo"=>{"content"=>"cs"}}
  [1m[35m (0.3ms)[0m  BEGIN
  [1m[36mSQL (0.3ms)[0m  [1mINSERT INTO `todos` (`content`, `created_at`, `updated_at`) VALUES ('cs', '2018-09-28 12:51:30', '2018-09-28 12:51:30')[0m
  [1m[35m (39.6ms)[0m  COMMIT
Completed 200 OK in 51ms (Views: 0.8ms | ActiveRecord: 40.2ms)


Started GET "/" for ::1 at 2018-09-29 00:04:20 +0900
Processing by TodosController#index as */*
  [1m[36mTodo Load (1.1ms)[0m  [1mSELECT `todos`.* FROM `todos`  ORDER BY created_at ASC[0m
  Rendered todos/_todo.html.erb (1.2ms)
  Rendered todos/index.html.erb within layouts/application (37.3ms)
Completed 200 OK in 162ms (Views: 154.2ms | ActiveRecord: 1.1ms)


Started GET "/" for ::1 at 2018-09-29 00:05:11 +0900
Processing by TodosController#index as */*
  [1m[35mTodo Load (0.3ms)[0m  SELECT `todos`.* FROM `todos`  ORDER BY created_at ASC
  Rendered todos/_todo.html.erb (0.1ms)
  Rendered todos/index.html.erb within layouts/application (19.9ms)
Completed 200 OK in 52ms (Views: 51.2ms | ActiveRecord: 0.3ms)


Started GET "/todos.json" for ::1 at 2018-09-29 00:08:14 +0900

ActionController::RoutingError (No route matches [GET] "/todos.json"):
  actionpack (4.2.6) lib/action_dispatch/middleware/debug_exceptions.rb:21:in `call'
  web-console (2.3.0) lib/web_console/middleware.rb:28:in `block in call'
  web-console (2.3.0) lib/web_console/middleware.rb:18:in `catch'
  web-console (2.3.0) lib/web_console/middleware.rb:18:in `call'
  actionpack (4.2.6) lib/action_dispatch/middleware/show_exceptions.rb:30:in `call'
  railties (4.2.6) lib/rails/rack/logger.rb:38:in `call_app'
  railties (4.2.6) lib/rails/rack/logger.rb:20:in `block in call'
  activesupport (4.2.6) lib/active_support/tagged_logging.rb:68:in `block in tagged'
  activesupport (4.2.6) lib/active_support/tagged_logging.rb:26:in `tagged'
  activesupport (4.2.6) lib/active_support/tagged_logging.rb:68:in `tagged'
  railties (4.2.6) lib/rails/rack/logger.rb:20:in `call'
  actionpack (4.2.6) lib/action_dispatch/middleware/request_id.rb:21:in `call'
  rack (1.6.5) lib/rack/methodoverride.rb:22:in `call'
  rack (1.6.5) lib/rack/runtime.rb:18:in `call'
  activesupport (4.2.6) lib/active_support/cache/strategy/local_cache_middleware.rb:28:in `call'
  rack (1.6.5) lib/rack/lock.rb:17:in `call'
  actionpack (4.2.6) lib/action_dispatch/middleware/static.rb:120:in `call'
  rack (1.6.5) lib/rack/sendfile.rb:113:in `call'
  railties (4.2.6) lib/rails/engine.rb:518:in `call'
  railties (4.2.6) lib/rails/application.rb:165:in `call'
  rack (1.6.5) lib/rack/lock.rb:17:in `call'
  rack (1.6.5) lib/rack/content_length.rb:15:in `call'
  rack (1.6.5) lib/rack/handler/webrick.rb:88:in `service'
  /Users/hayashiyoshino/.rbenv/versions/2.3.1/lib/ruby/2.3.0/webrick/httpserver.rb:140:in `service'
  /Users/hayashiyoshino/.rbenv/versions/2.3.1/lib/ruby/2.3.0/webrick/httpserver.rb:96:in `run'
  /Users/hayashiyoshino/.rbenv/versions/2.3.1/lib/ruby/2.3.0/webrick/server.rb:296:in `block in start_thread'


  Rendered /Users/hayashiyoshino/.rbenv/versions/2.3.1/lib/ruby/gems/2.3.0/gems/actionpack-4.2.6/lib/action_dispatch/middleware/templates/rescues/_trace.html.erb (2.9ms)
  Rendered /Users/hayashiyoshino/.rbenv/versions/2.3.1/lib/ruby/gems/2.3.0/gems/actionpack-4.2.6/lib/action_dispatch/middleware/templates/routes/_route.html.erb (1.2ms)
  Rendered /Users/hayashiyoshino/.rbenv/versions/2.3.1/lib/ruby/gems/2.3.0/gems/actionpack-4.2.6/lib/action_dispatch/middleware/templates/routes/_table.html.erb (11.6ms)
  Rendered /Users/hayashiyoshino/.rbenv/versions/2.3.1/lib/ruby/gems/2.3.0/gems/actionpack-4.2.6/lib/action_dispatch/middleware/templates/rescues/_request_and_response.html.erb (2.6ms)
  Rendered /Users/hayashiyoshino/.rbenv/versions/2.3.1/lib/ruby/gems/2.3.0/gems/actionpack-4.2.6/lib/action_dispatch/middleware/templates/rescues/routing_error.html.erb within rescues/layout (129.4ms)
  Rendered /Users/hayashiyoshino/.rbenv/versions/2.3.1/lib/ruby/gems/2.3.0/gems/web-console-2.3.0/lib/web_console/templates/_markup.html.erb (0.8ms)
  Rendered /Users/hayashiyoshino/.rbenv/versions/2.3.1/lib/ruby/gems/2.3.0/gems/web-console-2.3.0/lib/web_console/templates/_inner_console_markup.html.erb within layouts/inlined_string (0.6ms)
  Rendered /Users/hayashiyoshino/.rbenv/versions/2.3.1/lib/ruby/gems/2.3.0/gems/web-console-2.3.0/lib/web_console/templates/_prompt_box_markup.html.erb within layouts/inlined_string (0.3ms)
  Rendered /Users/hayashiyoshino/.rbenv/versions/2.3.1/lib/ruby/gems/2.3.0/gems/web-console-2.3.0/lib/web_console/templates/style.css.erb within layouts/inlined_string (0.6ms)
  Rendered /Users/hayashiyoshino/.rbenv/versions/2.3.1/lib/ruby/gems/2.3.0/gems/web-console-2.3.0/lib/web_console/templates/console.js.erb within layouts/javascript (85.8ms)
  Rendered /Users/hayashiyoshino/.rbenv/versions/2.3.1/lib/ruby/gems/2.3.0/gems/web-console-2.3.0/lib/web_console/templates/main.js.erb within layouts/javascript (0.3ms)
  Rendered /Users/hayashiyoshino/.rbenv/versions/2.3.1/lib/ruby/gems/2.3.0/gems/web-console-2.3.0/lib/web_console/templates/error_page.js.erb within layouts/javascript (0.8ms)
  Rendered /Users/hayashiyoshino/.rbenv/versions/2.3.1/lib/ruby/gems/2.3.0/gems/web-console-2.3.0/lib/web_console/templates/index.html.erb (187.7ms)


Started GET "/" for ::1 at 2018-09-29 00:10:19 +0900
Processing by TodosController#index as */*
Completed 200 OK in 76ms (Views: 0.4ms | ActiveRecord: 67.6ms)


Started GET "/" for ::1 at 2018-09-29 00:16:01 +0900
Processing by TodosController#index as */*
Completed 200 OK in 100ms (Views: 48.0ms | ActiveRecord: 46.8ms)


Started GET "/" for ::1 at 2018-09-29 10:59:42 +0900

SyntaxError (/Users/hayashiyoshino/projects/JavaScript-projects/todo_app2/memo_app2/app/controllers/todos_controller.rb:3: syntax error, unexpected ':', expecting '}'
    @todo = {id: "1", content: "hi!!!"}
                 ^
/Users/hayashiyoshino/projects/JavaScript-projects/todo_app2/memo_app2/app/controllers/todos_controller.rb:3: syntax error, unexpected ',', expecting '}'
    @todo = {id: "1", content: "hi!!!"}
                      ^):
  app/controllers/todos_controller.rb:3: syntax error, unexpected ':', expecting '}'
  app/controllers/todos_controller.rb:3: syntax error, unexpected ',', expecting '}'


  Rendered /Users/hayashiyoshino/.rbenv/versions/2.3.1/lib/ruby/gems/2.3.0/gems/actionpack-4.2.6/lib/action_dispatch/middleware/templates/rescues/_source.erb (6.9ms)
  Rendered /Users/hayashiyoshino/.rbenv/versions/2.3.1/lib/ruby/gems/2.3.0/gems/actionpack-4.2.6/lib/action_dispatch/middleware/templates/rescues/_trace.html.erb (4.8ms)
  Rendered /Users/hayashiyoshino/.rbenv/versions/2.3.1/lib/ruby/gems/2.3.0/gems/actionpack-4.2.6/lib/action_dispatch/middleware/templates/rescues/_request_and_response.html.erb (2.3ms)
  Rendered /Users/hayashiyoshino/.rbenv/versions/2.3.1/lib/ruby/gems/2.3.0/gems/actionpack-4.2.6/lib/action_dispatch/middleware/templates/rescues/diagnostics.html.erb within rescues/layout (97.9ms)
  Rendered /Users/hayashiyoshino/.rbenv/versions/2.3.1/lib/ruby/gems/2.3.0/gems/web-console-2.3.0/lib/web_console/templates/_markup.html.erb (0.8ms)
  Rendered /Users/hayashiyoshino/.rbenv/versions/2.3.1/lib/ruby/gems/2.3.0/gems/web-console-2.3.0/lib/web_console/templates/_inner_console_markup.html.erb within layouts/inlined_string (0.4ms)
  Rendered /Users/hayashiyoshino/.rbenv/versions/2.3.1/lib/ruby/gems/2.3.0/gems/web-console-2.3.0/lib/web_console/templates/_prompt_box_markup.html.erb within layouts/inlined_string (0.3ms)
  Rendered /Users/hayashiyoshino/.rbenv/versions/2.3.1/lib/ruby/gems/2.3.0/gems/web-console-2.3.0/lib/web_console/templates/style.css.erb within layouts/inlined_string (0.4ms)
  Rendered /Users/hayashiyoshino/.rbenv/versions/2.3.1/lib/ruby/gems/2.3.0/gems/web-console-2.3.0/lib/web_console/templates/console.js.erb within layouts/javascript (82.5ms)
  Rendered /Users/hayashiyoshino/.rbenv/versions/2.3.1/lib/ruby/gems/2.3.0/gems/web-console-2.3.0/lib/web_console/templates/main.js.erb within layouts/javascript (0.3ms)
  Rendered /Users/hayashiyoshino/.rbenv/versions/2.3.1/lib/ruby/gems/2.3.0/gems/web-console-2.3.0/lib/web_console/templates/error_page.js.erb within layouts/javascript (0.4ms)
  Rendered /Users/hayashiyoshino/.rbenv/versions/2.3.1/lib/ruby/gems/2.3.0/gems/web-console-2.3.0/lib/web_console/templates/index.html.erb (186.8ms)


Started GET "/" for ::1 at 2018-09-29 10:59:57 +0900

SyntaxError (/Users/hayashiyoshino/projects/JavaScript-projects/todo_app2/memo_app2/app/controllers/todos_controller.rb:3: syntax error, unexpected ':', expecting '}'
    @todo = {id: "1", content: "hi!!!"}
                 ^
/Users/hayashiyoshino/projects/JavaScript-projects/todo_app2/memo_app2/app/controllers/todos_controller.rb:3: syntax error, unexpected ',', expecting '}'
    @todo = {id: "1", content: "hi!!!"}
                      ^):
  app/controllers/todos_controller.rb:3: syntax error, unexpected ':', expecting '}'
  app/controllers/todos_controller.rb:3: syntax error, unexpected ',', expecting '}'


  Rendered /Users/hayashiyoshino/.rbenv/versions/2.3.1/lib/ruby/gems/2.3.0/gems/actionpack-4.2.6/lib/action_dispatch/middleware/templates/rescues/_source.erb (2.8ms)
  Rendered /Users/hayashiyoshino/.rbenv/versions/2.3.1/lib/ruby/gems/2.3.0/gems/actionpack-4.2.6/lib/action_dispatch/middleware/templates/rescues/_trace.html.erb (1.4ms)
  Rendered /Users/hayashiyoshino/.rbenv/versions/2.3.1/lib/ruby/gems/2.3.0/gems/actionpack-4.2.6/lib/action_dispatch/middleware/templates/rescues/_request_and_response.html.erb (1.3ms)
  Rendered /Users/hayashiyoshino/.rbenv/versions/2.3.1/lib/ruby/gems/2.3.0/gems/actionpack-4.2.6/lib/action_dispatch/middleware/templates/rescues/diagnostics.html.erb within rescues/layout (76.8ms)
  Rendered /Users/hayashiyoshino/.rbenv/versions/2.3.1/lib/ruby/gems/2.3.0/gems/web-console-2.3.0/lib/web_console/templates/_markup.html.erb (0.3ms)
  Rendered /Users/hayashiyoshino/.rbenv/versions/2.3.1/lib/ruby/gems/2.3.0/gems/web-console-2.3.0/lib/web_console/templates/_inner_console_markup.html.erb within layouts/inlined_string (0.3ms)
  Rendered /Users/hayashiyoshino/.rbenv/versions/2.3.1/lib/ruby/gems/2.3.0/gems/web-console-2.3.0/lib/web_console/templates/_prompt_box_markup.html.erb within layouts/inlined_string (0.3ms)
  Rendered /Users/hayashiyoshino/.rbenv/versions/2.3.1/lib/ruby/gems/2.3.0/gems/web-console-2.3.0/lib/web_console/templates/style.css.erb within layouts/inlined_string (0.3ms)
  Rendered /Users/hayashiyoshino/.rbenv/versions/2.3.1/lib/ruby/gems/2.3.0/gems/web-console-2.3.0/lib/web_console/templates/console.js.erb within layouts/javascript (70.2ms)
  Rendered /Users/hayashiyoshino/.rbenv/versions/2.3.1/lib/ruby/gems/2.3.0/gems/web-console-2.3.0/lib/web_console/templates/main.js.erb within layouts/javascript (0.3ms)
  Rendered /Users/hayashiyoshino/.rbenv/versions/2.3.1/lib/ruby/gems/2.3.0/gems/web-console-2.3.0/lib/web_console/templates/error_page.js.erb within layouts/javascript (0.3ms)
  Rendered /Users/hayashiyoshino/.rbenv/versions/2.3.1/lib/ruby/gems/2.3.0/gems/web-console-2.3.0/lib/web_console/templates/index.html.erb (157.7ms)


Started GET "/" for ::1 at 2018-09-29 11:02:18 +0900

SyntaxError (/Users/hayashiyoshino/projects/JavaScript-projects/todo_app2/memo_app2/app/controllers/todos_controller.rb:3: syntax error, unexpected =>, expecting '}'
    @todo = {"id" => "1", "content" => "hi!!!"}
                     ^
/Users/hayashiyoshino/projects/JavaScript-projects/todo_app2/memo_app2/app/controllers/todos_controller.rb:3: syntax error, unexpected ',', expecting '}'
    @todo = {"id" => "1", "content" => "hi!!!"}
                          ^
/Users/hayashiyoshino/projects/JavaScript-projects/todo_app2/memo_app2/app/controllers/todos_controller.rb:3: syntax error, unexpected =>, expecting '}'
    @todo = {"id" => "1", "content" => "hi!!!"}
                                       ^):
  app/controllers/todos_controller.rb:3: syntax error, unexpected =>, expecting '}'
  app/controllers/todos_controller.rb:3: syntax error, unexpected ',', expecting '}'
  app/controllers/todos_controller.rb:3: syntax error, unexpected =>, expecting '}'


  Rendered /Users/hayashiyoshino/.rbenv/versions/2.3.1/lib/ruby/gems/2.3.0/gems/actionpack-4.2.6/lib/action_dispatch/middleware/templates/rescues/_source.erb (3.6ms)
  Rendered /Users/hayashiyoshino/.rbenv/versions/2.3.1/lib/ruby/gems/2.3.0/gems/actionpack-4.2.6/lib/action_dispatch/middleware/templates/rescues/_trace.html.erb (2.0ms)
  Rendered /Users/hayashiyoshino/.rbenv/versions/2.3.1/lib/ruby/gems/2.3.0/gems/actionpack-4.2.6/lib/action_dispatch/middleware/templates/rescues/_request_and_response.html.erb (0.9ms)
  Rendered /Users/hayashiyoshino/.rbenv/versions/2.3.1/lib/ruby/gems/2.3.0/gems/actionpack-4.2.6/lib/action_dispatch/middleware/templates/rescues/diagnostics.html.erb within rescues/layout (78.1ms)
  Rendered /Users/hayashiyoshino/.rbenv/versions/2.3.1/lib/ruby/gems/2.3.0/gems/web-console-2.3.0/lib/web_console/templates/_markup.html.erb (0.5ms)
  Rendered /Users/hayashiyoshino/.rbenv/versions/2.3.1/lib/ruby/gems/2.3.0/gems/web-console-2.3.0/lib/web_console/templates/_inner_console_markup.html.erb within layouts/inlined_string (0.3ms)
  Rendered /Users/hayashiyoshino/.rbenv/versions/2.3.1/lib/ruby/gems/2.3.0/gems/web-console-2.3.0/lib/web_console/templates/_prompt_box_markup.html.erb within layouts/inlined_string (0.4ms)
  Rendered /Users/hayashiyoshino/.rbenv/versions/2.3.1/lib/ruby/gems/2.3.0/gems/web-console-2.3.0/lib/web_console/templates/style.css.erb within layouts/inlined_string (0.3ms)
  Rendered /Users/hayashiyoshino/.rbenv/versions/2.3.1/lib/ruby/gems/2.3.0/gems/web-console-2.3.0/lib/web_console/templates/console.js.erb within layouts/javascript (69.3ms)
  Rendered /Users/hayashiyoshino/.rbenv/versions/2.3.1/lib/ruby/gems/2.3.0/gems/web-console-2.3.0/lib/web_console/templates/main.js.erb within layouts/javascript (0.4ms)
  Rendered /Users/hayashiyoshino/.rbenv/versions/2.3.1/lib/ruby/gems/2.3.0/gems/web-console-2.3.0/lib/web_console/templates/error_page.js.erb within layouts/javascript (0.4ms)
  Rendered /Users/hayashiyoshino/.rbenv/versions/2.3.1/lib/ruby/gems/2.3.0/gems/web-console-2.3.0/lib/web_console/templates/index.html.erb (157.0ms)


Started GET "/" for ::1 at 2018-09-29 11:03:51 +0900

SyntaxError (/Users/hayashiyoshino/projects/JavaScript-projects/todo_app2/memo_app2/app/controllers/todos_controller.rb:3: syntax error, unexpected ':', expecting '}'
    @todo = {"id":null,"content":null,"created_...
                   ^
/Users/hayashiyoshino/projects/JavaScript-projects/todo_app2/memo_app2/app/controllers/todos_controller.rb:3: syntax error, unexpected tLABEL_END, expecting tSTRING_CONTENT or tSTRING_DBEG or tSTRING_DVAR or tSTRING_END
... @todo = {"id":null,"content":null,"created_at":null,"updat...
...                               ^
/Users/hayashiyoshino/projects/JavaScript-projects/todo_app2/memo_app2/app/controllers/todos_controller.rb:3: syntax error, unexpected tLABEL_END, expecting tSTRING_CONTENT or tSTRING_DBEG or tSTRING_DVAR or tSTRING_END
...ll,"content":null,"created_at":null,"updated_at":null}
...                               ^
/Users/hayashiyoshino/projects/JavaScript-projects/todo_app2/memo_app2/app/controllers/todos_controller.rb:3: syntax error, unexpected tLABEL_END, expecting tSTRING_CONTENT or tSTRING_DBEG or tSTRING_DVAR or tSTRING_END
..."created_at":null,"updated_at":null}
...                               ^):
  app/controllers/todos_controller.rb:3: syntax error, unexpected ':', expecting '}'
  app/controllers/todos_controller.rb:3: syntax error, unexpected tLABEL_END, expecting tSTRING_CONTENT or tSTRING_DBEG or tSTRING_DVAR or tSTRING_END
  app/controllers/todos_controller.rb:3: syntax error, unexpected tLABEL_END, expecting tSTRING_CONTENT or tSTRING_DBEG or tSTRING_DVAR or tSTRING_END
  app/controllers/todos_controller.rb:3: syntax error, unexpected tLABEL_END, expecting tSTRING_CONTENT or tSTRING_DBEG or tSTRING_DVAR or tSTRING_END


  Rendered /Users/hayashiyoshino/.rbenv/versions/2.3.1/lib/ruby/gems/2.3.0/gems/actionpack-4.2.6/lib/action_dispatch/middleware/templates/rescues/_source.erb (3.0ms)
  Rendered /Users/hayashiyoshino/.rbenv/versions/2.3.1/lib/ruby/gems/2.3.0/gems/actionpack-4.2.6/lib/action_dispatch/middleware/templates/rescues/_trace.html.erb (1.7ms)
  Rendered /Users/hayashiyoshino/.rbenv/versions/2.3.1/lib/ruby/gems/2.3.0/gems/actionpack-4.2.6/lib/action_dispatch/middleware/templates/rescues/_request_and_response.html.erb (1.0ms)
  Rendered /Users/hayashiyoshino/.rbenv/versions/2.3.1/lib/ruby/gems/2.3.0/gems/actionpack-4.2.6/lib/action_dispatch/middleware/templates/rescues/diagnostics.html.erb within rescues/layout (77.5ms)
  Rendered /Users/hayashiyoshino/.rbenv/versions/2.3.1/lib/ruby/gems/2.3.0/gems/web-console-2.3.0/lib/web_console/templates/_markup.html.erb (0.4ms)
  Rendered /Users/hayashiyoshino/.rbenv/versions/2.3.1/lib/ruby/gems/2.3.0/gems/web-console-2.3.0/lib/web_console/templates/_inner_console_markup.html.erb within layouts/inlined_string (0.4ms)
  Rendered /Users/hayashiyoshino/.rbenv/versions/2.3.1/lib/ruby/gems/2.3.0/gems/web-console-2.3.0/lib/web_console/templates/_prompt_box_markup.html.erb within layouts/inlined_string (0.3ms)
  Rendered /Users/hayashiyoshino/.rbenv/versions/2.3.1/lib/ruby/gems/2.3.0/gems/web-console-2.3.0/lib/web_console/templates/style.css.erb within layouts/inlined_string (0.3ms)
  Rendered /Users/hayashiyoshino/.rbenv/versions/2.3.1/lib/ruby/gems/2.3.0/gems/web-console-2.3.0/lib/web_console/templates/console.js.erb within layouts/javascript (70.8ms)
  Rendered /Users/hayashiyoshino/.rbenv/versions/2.3.1/lib/ruby/gems/2.3.0/gems/web-console-2.3.0/lib/web_console/templates/main.js.erb within layouts/javascript (0.3ms)
  Rendered /Users/hayashiyoshino/.rbenv/versions/2.3.1/lib/ruby/gems/2.3.0/gems/web-console-2.3.0/lib/web_console/templates/error_page.js.erb within layouts/javascript (0.4ms)
  Rendered /Users/hayashiyoshino/.rbenv/versions/2.3.1/lib/ruby/gems/2.3.0/gems/web-console-2.3.0/lib/web_console/templates/index.html.erb (158.0ms)


Started GET "/" for ::1 at 2018-09-29 11:04:50 +0900

SyntaxError (/Users/hayashiyoshino/projects/JavaScript-projects/todo_app2/memo_app2/app/controllers/todos_controller.rb:3: syntax error, unexpected =>, expecting '}'
    @todo = {"id" => "1", "content" => "hi!!!"}
                     ^
/Users/hayashiyoshino/projects/JavaScript-projects/todo_app2/memo_app2/app/controllers/todos_controller.rb:3: syntax error, unexpected ',', expecting '}'
    @todo = {"id" => "1", "content" => "hi!!!"}
                          ^
/Users/hayashiyoshino/projects/JavaScript-projects/todo_app2/memo_app2/app/controllers/todos_controller.rb:3: syntax error, unexpected =>, expecting '}'
    @todo = {"id" => "1", "content" => "hi!!!"}
                                       ^):
  app/controllers/todos_controller.rb:3: syntax error, unexpected =>, expecting '}'
  app/controllers/todos_controller.rb:3: syntax error, unexpected ',', expecting '}'
  app/controllers/todos_controller.rb:3: syntax error, unexpected =>, expecting '}'


  Rendered /Users/hayashiyoshino/.rbenv/versions/2.3.1/lib/ruby/gems/2.3.0/gems/actionpack-4.2.6/lib/action_dispatch/middleware/templates/rescues/_source.erb (2.9ms)
  Rendered /Users/hayashiyoshino/.rbenv/versions/2.3.1/lib/ruby/gems/2.3.0/gems/actionpack-4.2.6/lib/action_dispatch/middleware/templates/rescues/_trace.html.erb (2.0ms)
  Rendered /Users/hayashiyoshino/.rbenv/versions/2.3.1/lib/ruby/gems/2.3.0/gems/actionpack-4.2.6/lib/action_dispatch/middleware/templates/rescues/_request_and_response.html.erb (1.0ms)
  Rendered /Users/hayashiyoshino/.rbenv/versions/2.3.1/lib/ruby/gems/2.3.0/gems/actionpack-4.2.6/lib/action_dispatch/middleware/templates/rescues/diagnostics.html.erb within rescues/layout (77.9ms)
  Rendered /Users/hayashiyoshino/.rbenv/versions/2.3.1/lib/ruby/gems/2.3.0/gems/web-console-2.3.0/lib/web_console/templates/_markup.html.erb (0.6ms)
  Rendered /Users/hayashiyoshino/.rbenv/versions/2.3.1/lib/ruby/gems/2.3.0/gems/web-console-2.3.0/lib/web_console/templates/_inner_console_markup.html.erb within layouts/inlined_string (0.3ms)
  Rendered /Users/hayashiyoshino/.rbenv/versions/2.3.1/lib/ruby/gems/2.3.0/gems/web-console-2.3.0/lib/web_console/templates/_prompt_box_markup.html.erb within layouts/inlined_string (0.5ms)
  Rendered /Users/hayashiyoshino/.rbenv/versions/2.3.1/lib/ruby/gems/2.3.0/gems/web-console-2.3.0/lib/web_console/templates/style.css.erb within layouts/inlined_string (0.3ms)
  Rendered /Users/hayashiyoshino/.rbenv/versions/2.3.1/lib/ruby/gems/2.3.0/gems/web-console-2.3.0/lib/web_console/templates/console.js.erb within layouts/javascript (69.4ms)
  Rendered /Users/hayashiyoshino/.rbenv/versions/2.3.1/lib/ruby/gems/2.3.0/gems/web-console-2.3.0/lib/web_console/templates/main.js.erb within layouts/javascript (0.3ms)
  Rendered /Users/hayashiyoshino/.rbenv/versions/2.3.1/lib/ruby/gems/2.3.0/gems/web-console-2.3.0/lib/web_console/templates/error_page.js.erb within layouts/javascript (0.4ms)
  Rendered /Users/hayashiyoshino/.rbenv/versions/2.3.1/lib/ruby/gems/2.3.0/gems/web-console-2.3.0/lib/web_console/templates/index.html.erb (156.3ms)


Started GET "/" for ::1 at 2018-09-29 11:05:16 +0900

SyntaxError (/Users/hayashiyoshino/projects/JavaScript-projects/todo_app2/memo_app2/app/controllers/todos_controller.rb:3: syntax error, unexpected =>, expecting '}'
    @todo = {"id" => "1" "content" => "hi!!!"}
                     ^
/Users/hayashiyoshino/projects/JavaScript-projects/todo_app2/memo_app2/app/controllers/todos_controller.rb:3: syntax error, unexpected =>, expecting '}'
    @todo = {"id" => "1" "content" => "hi!!!"}
                                      ^):
  app/controllers/todos_controller.rb:3: syntax error, unexpected =>, expecting '}'
  app/controllers/todos_controller.rb:3: syntax error, unexpected =>, expecting '}'


  Rendered /Users/hayashiyoshino/.rbenv/versions/2.3.1/lib/ruby/gems/2.3.0/gems/actionpack-4.2.6/lib/action_dispatch/middleware/templates/rescues/_source.erb (3.2ms)
  Rendered /Users/hayashiyoshino/.rbenv/versions/2.3.1/lib/ruby/gems/2.3.0/gems/actionpack-4.2.6/lib/action_dispatch/middleware/templates/rescues/_trace.html.erb (1.6ms)
  Rendered /Users/hayashiyoshino/.rbenv/versions/2.3.1/lib/ruby/gems/2.3.0/gems/actionpack-4.2.6/lib/action_dispatch/middleware/templates/rescues/_request_and_response.html.erb (1.6ms)
  Rendered /Users/hayashiyoshino/.rbenv/versions/2.3.1/lib/ruby/gems/2.3.0/gems/actionpack-4.2.6/lib/action_dispatch/middleware/templates/rescues/diagnostics.html.erb within rescues/layout (77.4ms)
  Rendered /Users/hayashiyoshino/.rbenv/versions/2.3.1/lib/ruby/gems/2.3.0/gems/web-console-2.3.0/lib/web_console/templates/_markup.html.erb (0.4ms)
  Rendered /Users/hayashiyoshino/.rbenv/versions/2.3.1/lib/ruby/gems/2.3.0/gems/web-console-2.3.0/lib/web_console/templates/_inner_console_markup.html.erb within layouts/inlined_string (0.3ms)
  Rendered /Users/hayashiyoshino/.rbenv/versions/2.3.1/lib/ruby/gems/2.3.0/gems/web-console-2.3.0/lib/web_console/templates/_prompt_box_markup.html.erb within layouts/inlined_string (0.3ms)
  Rendered /Users/hayashiyoshino/.rbenv/versions/2.3.1/lib/ruby/gems/2.3.0/gems/web-console-2.3.0/lib/web_console/templates/style.css.erb within layouts/inlined_string (0.4ms)
  Rendered /Users/hayashiyoshino/.rbenv/versions/2.3.1/lib/ruby/gems/2.3.0/gems/web-console-2.3.0/lib/web_console/templates/console.js.erb within layouts/javascript (69.8ms)
  Rendered /Users/hayashiyoshino/.rbenv/versions/2.3.1/lib/ruby/gems/2.3.0/gems/web-console-2.3.0/lib/web_console/templates/main.js.erb within layouts/javascript (0.3ms)
  Rendered /Users/hayashiyoshino/.rbenv/versions/2.3.1/lib/ruby/gems/2.3.0/gems/web-console-2.3.0/lib/web_console/templates/error_page.js.erb within layouts/javascript (0.3ms)
  Rendered /Users/hayashiyoshino/.rbenv/versions/2.3.1/lib/ruby/gems/2.3.0/gems/web-console-2.3.0/lib/web_console/templates/index.html.erb (156.4ms)


Started GET "/" for ::1 at 2018-09-29 11:06:17 +0900
Processing by TodosController#index as HTML
Completed 500 Internal Server Error in 13ms (ActiveRecord: 0.0ms)

NameError (undefined local variable or method ` Todo' for #<TodosController:0x007fa373b603f0>):
  app/controllers/todos_controller.rb:3:in `index'


  Rendered /Users/hayashiyoshino/.rbenv/versions/2.3.1/lib/ruby/gems/2.3.0/gems/actionpack-4.2.6/lib/action_dispatch/middleware/templates/rescues/_source.erb (4.1ms)
  Rendered /Users/hayashiyoshino/.rbenv/versions/2.3.1/lib/ruby/gems/2.3.0/gems/actionpack-4.2.6/lib/action_dispatch/middleware/templates/rescues/_trace.html.erb (1.6ms)
  Rendered /Users/hayashiyoshino/.rbenv/versions/2.3.1/lib/ruby/gems/2.3.0/gems/actionpack-4.2.6/lib/action_dispatch/middleware/templates/rescues/_request_and_response.html.erb (0.7ms)
  Rendered /Users/hayashiyoshino/.rbenv/versions/2.3.1/lib/ruby/gems/2.3.0/gems/actionpack-4.2.6/lib/action_dispatch/middleware/templates/rescues/diagnostics.html.erb within rescues/layout (79.6ms)
  Rendered /Users/hayashiyoshino/.rbenv/versions/2.3.1/lib/ruby/gems/2.3.0/gems/web-console-2.3.0/lib/web_console/templates/_markup.html.erb (0.5ms)
  Rendered /Users/hayashiyoshino/.rbenv/versions/2.3.1/lib/ruby/gems/2.3.0/gems/web-console-2.3.0/lib/web_console/templates/_inner_console_markup.html.erb within layouts/inlined_string (0.3ms)
  Rendered /Users/hayashiyoshino/.rbenv/versions/2.3.1/lib/ruby/gems/2.3.0/gems/web-console-2.3.0/lib/web_console/templates/_prompt_box_markup.html.erb within layouts/inlined_string (0.3ms)
  Rendered /Users/hayashiyoshino/.rbenv/versions/2.3.1/lib/ruby/gems/2.3.0/gems/web-console-2.3.0/lib/web_console/templates/style.css.erb within layouts/inlined_string (0.5ms)
  Rendered /Users/hayashiyoshino/.rbenv/versions/2.3.1/lib/ruby/gems/2.3.0/gems/web-console-2.3.0/lib/web_console/templates/console.js.erb within layouts/javascript (70.0ms)
  Rendered /Users/hayashiyoshino/.rbenv/versions/2.3.1/lib/ruby/gems/2.3.0/gems/web-console-2.3.0/lib/web_console/templates/main.js.erb within layouts/javascript (0.3ms)
  Rendered /Users/hayashiyoshino/.rbenv/versions/2.3.1/lib/ruby/gems/2.3.0/gems/web-console-2.3.0/lib/web_console/templates/error_page.js.erb within layouts/javascript (0.3ms)
  Rendered /Users/hayashiyoshino/.rbenv/versions/2.3.1/lib/ruby/gems/2.3.0/gems/web-console-2.3.0/lib/web_console/templates/index.html.erb (157.3ms)


Started GET "/" for ::1 at 2018-09-29 11:07:36 +0900
Processing by TodosController#index as HTML
Completed 200 OK in 57ms (Views: 1.1ms | ActiveRecord: 47.9ms)


Started GET "/" for ::1 at 2018-09-29 11:08:23 +0900
Processing by TodosController#index as HTML
  [1m[36mTodo Load (0.5ms)[0m  [1mSELECT `todos`.* FROM `todos`  ORDER BY created_at ASC[0m
  Rendered todos/_todo.html.erb (0.6ms)
  Rendered todos/index.html.erb within layouts/application (8.5ms)
Completed 200 OK in 46ms (Views: 34.1ms | ActiveRecord: 7.5ms)


Started GET "/assets/todo.self-b312f87cf3fd4366c0e0cf3818fa4574225657f878825156b20e3104126fd693.js?body=1" for ::1 at 2018-09-29 11:08:23 +0900


Started GET "/assets/application.self-3b8dabdc891efe46b9a144b400ad69e37d7e5876bdc39dee783419a69d7ca819.js?body=1" for ::1 at 2018-09-29 11:08:23 +0900


Started GET "/index.json" for ::1 at 2018-09-29 11:08:37 +0900

ActionController::RoutingError (No route matches [GET] "/index.json"):
  actionpack (4.2.6) lib/action_dispatch/middleware/debug_exceptions.rb:21:in `call'
  web-console (2.3.0) lib/web_console/middleware.rb:28:in `block in call'
  web-console (2.3.0) lib/web_console/middleware.rb:18:in `catch'
  web-console (2.3.0) lib/web_console/middleware.rb:18:in `call'
  actionpack (4.2.6) lib/action_dispatch/middleware/show_exceptions.rb:30:in `call'
  railties (4.2.6) lib/rails/rack/logger.rb:38:in `call_app'
  railties (4.2.6) lib/rails/rack/logger.rb:20:in `block in call'
  activesupport (4.2.6) lib/active_support/tagged_logging.rb:68:in `block in tagged'
  activesupport (4.2.6) lib/active_support/tagged_logging.rb:26:in `tagged'
  activesupport (4.2.6) lib/active_support/tagged_logging.rb:68:in `tagged'
  railties (4.2.6) lib/rails/rack/logger.rb:20:in `call'
  actionpack (4.2.6) lib/action_dispatch/middleware/request_id.rb:21:in `call'
  rack (1.6.5) lib/rack/methodoverride.rb:22:in `call'
  rack (1.6.5) lib/rack/runtime.rb:18:in `call'
  activesupport (4.2.6) lib/active_support/cache/strategy/local_cache_middleware.rb:28:in `call'
  rack (1.6.5) lib/rack/lock.rb:17:in `call'
  actionpack (4.2.6) lib/action_dispatch/middleware/static.rb:120:in `call'
  rack (1.6.5) lib/rack/sendfile.rb:113:in `call'
  railties (4.2.6) lib/rails/engine.rb:518:in `call'
  railties (4.2.6) lib/rails/application.rb:165:in `call'
  rack (1.6.5) lib/rack/lock.rb:17:in `call'
  rack (1.6.5) lib/rack/content_length.rb:15:in `call'
  rack (1.6.5) lib/rack/handler/webrick.rb:88:in `service'
  /Users/hayashiyoshino/.rbenv/versions/2.3.1/lib/ruby/2.3.0/webrick/httpserver.rb:140:in `service'
  /Users/hayashiyoshino/.rbenv/versions/2.3.1/lib/ruby/2.3.0/webrick/httpserver.rb:96:in `run'
  /Users/hayashiyoshino/.rbenv/versions/2.3.1/lib/ruby/2.3.0/webrick/server.rb:296:in `block in start_thread'


  Rendered /Users/hayashiyoshino/.rbenv/versions/2.3.1/lib/ruby/gems/2.3.0/gems/actionpack-4.2.6/lib/action_dispatch/middleware/templates/rescues/_trace.html.erb (1.1ms)
  Rendered /Users/hayashiyoshino/.rbenv/versions/2.3.1/lib/ruby/gems/2.3.0/gems/actionpack-4.2.6/lib/action_dispatch/middleware/templates/routes/_route.html.erb (1.1ms)
  Rendered /Users/hayashiyoshino/.rbenv/versions/2.3.1/lib/ruby/gems/2.3.0/gems/actionpack-4.2.6/lib/action_dispatch/middleware/templates/routes/_table.html.erb (1.2ms)
  Rendered /Users/hayashiyoshino/.rbenv/versions/2.3.1/lib/ruby/gems/2.3.0/gems/actionpack-4.2.6/lib/action_dispatch/middleware/templates/rescues/_request_and_response.html.erb (1.1ms)
  Rendered /Users/hayashiyoshino/.rbenv/versions/2.3.1/lib/ruby/gems/2.3.0/gems/actionpack-4.2.6/lib/action_dispatch/middleware/templates/rescues/routing_error.html.erb within rescues/layout (112.5ms)
  Rendered /Users/hayashiyoshino/.rbenv/versions/2.3.1/lib/ruby/gems/2.3.0/gems/web-console-2.3.0/lib/web_console/templates/_markup.html.erb (0.4ms)
  Rendered /Users/hayashiyoshino/.rbenv/versions/2.3.1/lib/ruby/gems/2.3.0/gems/web-console-2.3.0/lib/web_console/templates/_inner_console_markup.html.erb within layouts/inlined_string (0.4ms)
  Rendered /Users/hayashiyoshino/.rbenv/versions/2.3.1/lib/ruby/gems/2.3.0/gems/web-console-2.3.0/lib/web_console/templates/_prompt_box_markup.html.erb within layouts/inlined_string (0.3ms)
  Rendered /Users/hayashiyoshino/.rbenv/versions/2.3.1/lib/ruby/gems/2.3.0/gems/web-console-2.3.0/lib/web_console/templates/style.css.erb within layouts/inlined_string (0.3ms)
  Rendered /Users/hayashiyoshino/.rbenv/versions/2.3.1/lib/ruby/gems/2.3.0/gems/web-console-2.3.0/lib/web_console/templates/console.js.erb within layouts/javascript (83.1ms)
  Rendered /Users/hayashiyoshino/.rbenv/versions/2.3.1/lib/ruby/gems/2.3.0/gems/web-console-2.3.0/lib/web_console/templates/main.js.erb within layouts/javascript (0.3ms)
  Rendered /Users/hayashiyoshino/.rbenv/versions/2.3.1/lib/ruby/gems/2.3.0/gems/web-console-2.3.0/lib/web_console/templates/error_page.js.erb within layouts/javascript (0.4ms)
  Rendered /Users/hayashiyoshino/.rbenv/versions/2.3.1/lib/ruby/gems/2.3.0/gems/web-console-2.3.0/lib/web_console/templates/index.html.erb (169.5ms)


Started GET "/todos/index.json" for ::1 at 2018-09-29 11:09:31 +0900

AbstractController::ActionNotFound (The action 'show' could not be found for TodosController):
  actionpack (4.2.6) lib/abstract_controller/base.rb:132:in `process'
  actionview (4.2.6) lib/action_view/rendering.rb:30:in `process'
  actionpack (4.2.6) lib/action_controller/metal.rb:196:in `dispatch'
  actionpack (4.2.6) lib/action_controller/metal/rack_delegation.rb:13:in `dispatch'
  actionpack (4.2.6) lib/action_controller/metal.rb:237:in `block in action'
  actionpack (4.2.6) lib/action_dispatch/routing/route_set.rb:74:in `dispatch'
  actionpack (4.2.6) lib/action_dispatch/routing/route_set.rb:43:in `serve'
  actionpack (4.2.6) lib/action_dispatch/journey/router.rb:43:in `block in serve'
  actionpack (4.2.6) lib/action_dispatch/journey/router.rb:30:in `each'
  actionpack (4.2.6) lib/action_dispatch/journey/router.rb:30:in `serve'
  actionpack (4.2.6) lib/action_dispatch/routing/route_set.rb:817:in `call'
  rack (1.6.5) lib/rack/etag.rb:24:in `call'
  rack (1.6.5) lib/rack/conditionalget.rb:25:in `call'
  rack (1.6.5) lib/rack/head.rb:13:in `call'
  actionpack (4.2.6) lib/action_dispatch/middleware/params_parser.rb:27:in `call'
  actionpack (4.2.6) lib/action_dispatch/middleware/flash.rb:260:in `call'
  rack (1.6.5) lib/rack/session/abstract/id.rb:225:in `context'
  rack (1.6.5) lib/rack/session/abstract/id.rb:220:in `call'
  actionpack (4.2.6) lib/action_dispatch/middleware/cookies.rb:560:in `call'
  activerecord (4.2.6) lib/active_record/query_cache.rb:36:in `call'
  activerecord (4.2.6) lib/active_record/connection_adapters/abstract/connection_pool.rb:653:in `call'
  activerecord (4.2.6) lib/active_record/migration.rb:377:in `call'
  actionpack (4.2.6) lib/action_dispatch/middleware/callbacks.rb:29:in `block in call'
  activesupport (4.2.6) lib/active_support/callbacks.rb:88:in `__run_callbacks__'
  activesupport (4.2.6) lib/active_support/callbacks.rb:778:in `_run_call_callbacks'
  activesupport (4.2.6) lib/active_support/callbacks.rb:81:in `run_callbacks'
  actionpack (4.2.6) lib/action_dispatch/middleware/callbacks.rb:27:in `call'
  actionpack (4.2.6) lib/action_dispatch/middleware/reloader.rb:73:in `call'
  actionpack (4.2.6) lib/action_dispatch/middleware/remote_ip.rb:78:in `call'
  actionpack (4.2.6) lib/action_dispatch/middleware/debug_exceptions.rb:17:in `call'
  web-console (2.3.0) lib/web_console/middleware.rb:28:in `block in call'
  web-console (2.3.0) lib/web_console/middleware.rb:18:in `catch'
  web-console (2.3.0) lib/web_console/middleware.rb:18:in `call'
  actionpack (4.2.6) lib/action_dispatch/middleware/show_exceptions.rb:30:in `call'
  railties (4.2.6) lib/rails/rack/logger.rb:38:in `call_app'
  railties (4.2.6) lib/rails/rack/logger.rb:20:in `block in call'
  activesupport (4.2.6) lib/active_support/tagged_logging.rb:68:in `block in tagged'
  activesupport (4.2.6) lib/active_support/tagged_logging.rb:26:in `tagged'
  activesupport (4.2.6) lib/active_support/tagged_logging.rb:68:in `tagged'
  railties (4.2.6) lib/rails/rack/logger.rb:20:in `call'
  actionpack (4.2.6) lib/action_dispatch/middleware/request_id.rb:21:in `call'
  rack (1.6.5) lib/rack/methodoverride.rb:22:in `call'
  rack (1.6.5) lib/rack/runtime.rb:18:in `call'
  activesupport (4.2.6) lib/active_support/cache/strategy/local_cache_middleware.rb:28:in `call'
  rack (1.6.5) lib/rack/lock.rb:17:in `call'
  actionpack (4.2.6) lib/action_dispatch/middleware/static.rb:120:in `call'
  rack (1.6.5) lib/rack/sendfile.rb:113:in `call'
  railties (4.2.6) lib/rails/engine.rb:518:in `call'
  railties (4.2.6) lib/rails/application.rb:165:in `call'
  rack (1.6.5) lib/rack/lock.rb:17:in `call'
  rack (1.6.5) lib/rack/content_length.rb:15:in `call'
  rack (1.6.5) lib/rack/handler/webrick.rb:88:in `service'
  /Users/hayashiyoshino/.rbenv/versions/2.3.1/lib/ruby/2.3.0/webrick/httpserver.rb:140:in `service'
  /Users/hayashiyoshino/.rbenv/versions/2.3.1/lib/ruby/2.3.0/webrick/httpserver.rb:96:in `run'
  /Users/hayashiyoshino/.rbenv/versions/2.3.1/lib/ruby/2.3.0/webrick/server.rb:296:in `block in start_thread'


  Rendered /Users/hayashiyoshino/.rbenv/versions/2.3.1/lib/ruby/gems/2.3.0/gems/actionpack-4.2.6/lib/action_dispatch/middleware/templates/rescues/unknown_action.html.erb within rescues/layout (0.5ms)
  Rendered /Users/hayashiyoshino/.rbenv/versions/2.3.1/lib/ruby/gems/2.3.0/gems/web-console-2.3.0/lib/web_console/templates/_markup.html.erb (0.7ms)
  Rendered /Users/hayashiyoshino/.rbenv/versions/2.3.1/lib/ruby/gems/2.3.0/gems/web-console-2.3.0/lib/web_console/templates/_inner_console_markup.html.erb within layouts/inlined_string (0.4ms)
  Rendered /Users/hayashiyoshino/.rbenv/versions/2.3.1/lib/ruby/gems/2.3.0/gems/web-console-2.3.0/lib/web_console/templates/_prompt_box_markup.html.erb within layouts/inlined_string (0.3ms)
  Rendered /Users/hayashiyoshino/.rbenv/versions/2.3.1/lib/ruby/gems/2.3.0/gems/web-console-2.3.0/lib/web_console/templates/style.css.erb within layouts/inlined_string (0.3ms)
  Rendered /Users/hayashiyoshino/.rbenv/versions/2.3.1/lib/ruby/gems/2.3.0/gems/web-console-2.3.0/lib/web_console/templates/console.js.erb within layouts/javascript (89.8ms)
  Rendered /Users/hayashiyoshino/.rbenv/versions/2.3.1/lib/ruby/gems/2.3.0/gems/web-console-2.3.0/lib/web_console/templates/main.js.erb within layouts/javascript (0.4ms)
  Rendered /Users/hayashiyoshino/.rbenv/versions/2.3.1/lib/ruby/gems/2.3.0/gems/web-console-2.3.0/lib/web_console/templates/error_page.js.erb within layouts/javascript (0.4ms)
  Rendered /Users/hayashiyoshino/.rbenv/versions/2.3.1/lib/ruby/gems/2.3.0/gems/web-console-2.3.0/lib/web_console/templates/index.html.erb (190.1ms)


Started GET "/todos(.:json)" for ::1 at 2018-09-29 11:09:52 +0900

ActionController::RoutingError (No route matches [GET] "/todos(.:json)"):
  actionpack (4.2.6) lib/action_dispatch/middleware/debug_exceptions.rb:21:in `call'
  web-console (2.3.0) lib/web_console/middleware.rb:28:in `block in call'
  web-console (2.3.0) lib/web_console/middleware.rb:18:in `catch'
  web-console (2.3.0) lib/web_console/middleware.rb:18:in `call'
  actionpack (4.2.6) lib/action_dispatch/middleware/show_exceptions.rb:30:in `call'
  railties (4.2.6) lib/rails/rack/logger.rb:38:in `call_app'
  railties (4.2.6) lib/rails/rack/logger.rb:20:in `block in call'
  activesupport (4.2.6) lib/active_support/tagged_logging.rb:68:in `block in tagged'
  activesupport (4.2.6) lib/active_support/tagged_logging.rb:26:in `tagged'
  activesupport (4.2.6) lib/active_support/tagged_logging.rb:68:in `tagged'
  railties (4.2.6) lib/rails/rack/logger.rb:20:in `call'
  actionpack (4.2.6) lib/action_dispatch/middleware/request_id.rb:21:in `call'
  rack (1.6.5) lib/rack/methodoverride.rb:22:in `call'
  rack (1.6.5) lib/rack/runtime.rb:18:in `call'
  activesupport (4.2.6) lib/active_support/cache/strategy/local_cache_middleware.rb:28:in `call'
  rack (1.6.5) lib/rack/lock.rb:17:in `call'
  actionpack (4.2.6) lib/action_dispatch/middleware/static.rb:120:in `call'
  rack (1.6.5) lib/rack/sendfile.rb:113:in `call'
  railties (4.2.6) lib/rails/engine.rb:518:in `call'
  railties (4.2.6) lib/rails/application.rb:165:in `call'
  rack (1.6.5) lib/rack/lock.rb:17:in `call'
  rack (1.6.5) lib/rack/content_length.rb:15:in `call'
  rack (1.6.5) lib/rack/handler/webrick.rb:88:in `service'
  /Users/hayashiyoshino/.rbenv/versions/2.3.1/lib/ruby/2.3.0/webrick/httpserver.rb:140:in `service'
  /Users/hayashiyoshino/.rbenv/versions/2.3.1/lib/ruby/2.3.0/webrick/httpserver.rb:96:in `run'
  /Users/hayashiyoshino/.rbenv/versions/2.3.1/lib/ruby/2.3.0/webrick/server.rb:296:in `block in start_thread'


  Rendered /Users/hayashiyoshino/.rbenv/versions/2.3.1/lib/ruby/gems/2.3.0/gems/actionpack-4.2.6/lib/action_dispatch/middleware/templates/rescues/_trace.html.erb (1.3ms)
  Rendered /Users/hayashiyoshino/.rbenv/versions/2.3.1/lib/ruby/gems/2.3.0/gems/actionpack-4.2.6/lib/action_dispatch/middleware/templates/routes/_route.html.erb (0.9ms)
  Rendered /Users/hayashiyoshino/.rbenv/versions/2.3.1/lib/ruby/gems/2.3.0/gems/actionpack-4.2.6/lib/action_dispatch/middleware/templates/routes/_table.html.erb (1.3ms)
  Rendered /Users/hayashiyoshino/.rbenv/versions/2.3.1/lib/ruby/gems/2.3.0/gems/actionpack-4.2.6/lib/action_dispatch/middleware/templates/rescues/_request_and_response.html.erb (1.3ms)
  Rendered /Users/hayashiyoshino/.rbenv/versions/2.3.1/lib/ruby/gems/2.3.0/gems/actionpack-4.2.6/lib/action_dispatch/middleware/templates/rescues/routing_error.html.erb within rescues/layout (110.1ms)
  Rendered /Users/hayashiyoshino/.rbenv/versions/2.3.1/lib/ruby/gems/2.3.0/gems/web-console-2.3.0/lib/web_console/templates/_markup.html.erb (0.4ms)
  Rendered /Users/hayashiyoshino/.rbenv/versions/2.3.1/lib/ruby/gems/2.3.0/gems/web-console-2.3.0/lib/web_console/templates/_inner_console_markup.html.erb within layouts/inlined_string (0.4ms)
  Rendered /Users/hayashiyoshino/.rbenv/versions/2.3.1/lib/ruby/gems/2.3.0/gems/web-console-2.3.0/lib/web_console/templates/_prompt_box_markup.html.erb within layouts/inlined_string (0.3ms)
  Rendered /Users/hayashiyoshino/.rbenv/versions/2.3.1/lib/ruby/gems/2.3.0/gems/web-console-2.3.0/lib/web_console/templates/style.css.erb within layouts/inlined_string (0.3ms)
  Rendered /Users/hayashiyoshino/.rbenv/versions/2.3.1/lib/ruby/gems/2.3.0/gems/web-console-2.3.0/lib/web_console/templates/console.js.erb within layouts/javascript (84.0ms)
  Rendered /Users/hayashiyoshino/.rbenv/versions/2.3.1/lib/ruby/gems/2.3.0/gems/web-console-2.3.0/lib/web_console/templates/main.js.erb within layouts/javascript (0.3ms)
  Rendered /Users/hayashiyoshino/.rbenv/versions/2.3.1/lib/ruby/gems/2.3.0/gems/web-console-2.3.0/lib/web_console/templates/error_page.js.erb within layouts/javascript (0.3ms)
  Rendered /Users/hayashiyoshino/.rbenv/versions/2.3.1/lib/ruby/gems/2.3.0/gems/web-console-2.3.0/lib/web_console/templates/index.html.erb (172.8ms)


Started GET "/todos.json" for ::1 at 2018-09-29 11:10:09 +0900
Processing by TodosController#index as JSON
Completed 200 OK in 1ms (Views: 0.2ms | ActiveRecord: 0.0ms)


Started GET "/todos.xml" for ::1 at 2018-09-29 11:10:19 +0900
Processing by TodosController#index as XML
Completed 200 OK in 2ms (Views: 1.0ms | ActiveRecord: 0.0ms)


Started GET "/todos" for ::1 at 2018-09-29 20:30:51 +0900

ActionController::RoutingError (No route matches [GET] "/todos"):
  actionpack (4.2.6) lib/action_dispatch/middleware/debug_exceptions.rb:21:in `call'
  web-console (2.3.0) lib/web_console/middleware.rb:28:in `block in call'
  web-console (2.3.0) lib/web_console/middleware.rb:18:in `catch'
  web-console (2.3.0) lib/web_console/middleware.rb:18:in `call'
  actionpack (4.2.6) lib/action_dispatch/middleware/show_exceptions.rb:30:in `call'
  railties (4.2.6) lib/rails/rack/logger.rb:38:in `call_app'
  railties (4.2.6) lib/rails/rack/logger.rb:20:in `block in call'
  activesupport (4.2.6) lib/active_support/tagged_logging.rb:68:in `block in tagged'
  activesupport (4.2.6) lib/active_support/tagged_logging.rb:26:in `tagged'
  activesupport (4.2.6) lib/active_support/tagged_logging.rb:68:in `tagged'
  railties (4.2.6) lib/rails/rack/logger.rb:20:in `call'
  actionpack (4.2.6) lib/action_dispatch/middleware/request_id.rb:21:in `call'
  rack (1.6.5) lib/rack/methodoverride.rb:22:in `call'
  rack (1.6.5) lib/rack/runtime.rb:18:in `call'
  activesupport (4.2.6) lib/active_support/cache/strategy/local_cache_middleware.rb:28:in `call'
  rack (1.6.5) lib/rack/lock.rb:17:in `call'
  actionpack (4.2.6) lib/action_dispatch/middleware/static.rb:120:in `call'
  rack (1.6.5) lib/rack/sendfile.rb:113:in `call'
  railties (4.2.6) lib/rails/engine.rb:518:in `call'
  railties (4.2.6) lib/rails/application.rb:165:in `call'
  rack (1.6.5) lib/rack/lock.rb:17:in `call'
  rack (1.6.5) lib/rack/content_length.rb:15:in `call'
  rack (1.6.5) lib/rack/handler/webrick.rb:88:in `service'
  /Users/hayashiyoshino/.rbenv/versions/2.3.1/lib/ruby/2.3.0/webrick/httpserver.rb:140:in `service'
  /Users/hayashiyoshino/.rbenv/versions/2.3.1/lib/ruby/2.3.0/webrick/httpserver.rb:96:in `run'
  /Users/hayashiyoshino/.rbenv/versions/2.3.1/lib/ruby/2.3.0/webrick/server.rb:296:in `block in start_thread'


  Rendered /Users/hayashiyoshino/.rbenv/versions/2.3.1/lib/ruby/gems/2.3.0/gems/actionpack-4.2.6/lib/action_dispatch/middleware/templates/rescues/_trace.html.erb (3.1ms)
  Rendered /Users/hayashiyoshino/.rbenv/versions/2.3.1/lib/ruby/gems/2.3.0/gems/actionpack-4.2.6/lib/action_dispatch/middleware/templates/routes/_route.html.erb (1.4ms)
  Rendered /Users/hayashiyoshino/.rbenv/versions/2.3.1/lib/ruby/gems/2.3.0/gems/actionpack-4.2.6/lib/action_dispatch/middleware/templates/routes/_table.html.erb (3.5ms)
  Rendered /Users/hayashiyoshino/.rbenv/versions/2.3.1/lib/ruby/gems/2.3.0/gems/actionpack-4.2.6/lib/action_dispatch/middleware/templates/rescues/_request_and_response.html.erb (5.7ms)
  Rendered /Users/hayashiyoshino/.rbenv/versions/2.3.1/lib/ruby/gems/2.3.0/gems/actionpack-4.2.6/lib/action_dispatch/middleware/templates/rescues/routing_error.html.erb within rescues/layout (143.2ms)
  Rendered /Users/hayashiyoshino/.rbenv/versions/2.3.1/lib/ruby/gems/2.3.0/gems/web-console-2.3.0/lib/web_console/templates/_markup.html.erb (1.0ms)
  Rendered /Users/hayashiyoshino/.rbenv/versions/2.3.1/lib/ruby/gems/2.3.0/gems/web-console-2.3.0/lib/web_console/templates/_inner_console_markup.html.erb within layouts/inlined_string (1.0ms)
  Rendered /Users/hayashiyoshino/.rbenv/versions/2.3.1/lib/ruby/gems/2.3.0/gems/web-console-2.3.0/lib/web_console/templates/_prompt_box_markup.html.erb within layouts/inlined_string (0.3ms)
  Rendered /Users/hayashiyoshino/.rbenv/versions/2.3.1/lib/ruby/gems/2.3.0/gems/web-console-2.3.0/lib/web_console/templates/style.css.erb within layouts/inlined_string (0.6ms)
  Rendered /Users/hayashiyoshino/.rbenv/versions/2.3.1/lib/ruby/gems/2.3.0/gems/web-console-2.3.0/lib/web_console/templates/console.js.erb within layouts/javascript (93.1ms)
  Rendered /Users/hayashiyoshino/.rbenv/versions/2.3.1/lib/ruby/gems/2.3.0/gems/web-console-2.3.0/lib/web_console/templates/main.js.erb within layouts/javascript (1.0ms)
  Rendered /Users/hayashiyoshino/.rbenv/versions/2.3.1/lib/ruby/gems/2.3.0/gems/web-console-2.3.0/lib/web_console/templates/error_page.js.erb within layouts/javascript (1.0ms)
  Rendered /Users/hayashiyoshino/.rbenv/versions/2.3.1/lib/ruby/gems/2.3.0/gems/web-console-2.3.0/lib/web_console/templates/index.html.erb (192.6ms)


Started GET "/todos" for ::1 at 2018-09-29 20:31:24 +0900

ActionController::RoutingError (No route matches [GET] "/todos"):
  actionpack (4.2.6) lib/action_dispatch/middleware/debug_exceptions.rb:21:in `call'
  web-console (2.3.0) lib/web_console/middleware.rb:28:in `block in call'
  web-console (2.3.0) lib/web_console/middleware.rb:18:in `catch'
  web-console (2.3.0) lib/web_console/middleware.rb:18:in `call'
  actionpack (4.2.6) lib/action_dispatch/middleware/show_exceptions.rb:30:in `call'
  railties (4.2.6) lib/rails/rack/logger.rb:38:in `call_app'
  railties (4.2.6) lib/rails/rack/logger.rb:20:in `block in call'
  activesupport (4.2.6) lib/active_support/tagged_logging.rb:68:in `block in tagged'
  activesupport (4.2.6) lib/active_support/tagged_logging.rb:26:in `tagged'
  activesupport (4.2.6) lib/active_support/tagged_logging.rb:68:in `tagged'
  railties (4.2.6) lib/rails/rack/logger.rb:20:in `call'
  actionpack (4.2.6) lib/action_dispatch/middleware/request_id.rb:21:in `call'
  rack (1.6.5) lib/rack/methodoverride.rb:22:in `call'
  rack (1.6.5) lib/rack/runtime.rb:18:in `call'
  activesupport (4.2.6) lib/active_support/cache/strategy/local_cache_middleware.rb:28:in `call'
  rack (1.6.5) lib/rack/lock.rb:17:in `call'
  actionpack (4.2.6) lib/action_dispatch/middleware/static.rb:120:in `call'
  rack (1.6.5) lib/rack/sendfile.rb:113:in `call'
  railties (4.2.6) lib/rails/engine.rb:518:in `call'
  railties (4.2.6) lib/rails/application.rb:165:in `call'
  rack (1.6.5) lib/rack/lock.rb:17:in `call'
  rack (1.6.5) lib/rack/content_length.rb:15:in `call'
  rack (1.6.5) lib/rack/handler/webrick.rb:88:in `service'
  /Users/hayashiyoshino/.rbenv/versions/2.3.1/lib/ruby/2.3.0/webrick/httpserver.rb:140:in `service'
  /Users/hayashiyoshino/.rbenv/versions/2.3.1/lib/ruby/2.3.0/webrick/httpserver.rb:96:in `run'
  /Users/hayashiyoshino/.rbenv/versions/2.3.1/lib/ruby/2.3.0/webrick/server.rb:296:in `block in start_thread'


  Rendered /Users/hayashiyoshino/.rbenv/versions/2.3.1/lib/ruby/gems/2.3.0/gems/actionpack-4.2.6/lib/action_dispatch/middleware/templates/rescues/_trace.html.erb (1.8ms)
  Rendered /Users/hayashiyoshino/.rbenv/versions/2.3.1/lib/ruby/gems/2.3.0/gems/actionpack-4.2.6/lib/action_dispatch/middleware/templates/routes/_route.html.erb (1.2ms)
  Rendered /Users/hayashiyoshino/.rbenv/versions/2.3.1/lib/ruby/gems/2.3.0/gems/actionpack-4.2.6/lib/action_dispatch/middleware/templates/routes/_table.html.erb (1.6ms)
  Rendered /Users/hayashiyoshino/.rbenv/versions/2.3.1/lib/ruby/gems/2.3.0/gems/actionpack-4.2.6/lib/action_dispatch/middleware/templates/rescues/_request_and_response.html.erb (1.7ms)
  Rendered /Users/hayashiyoshino/.rbenv/versions/2.3.1/lib/ruby/gems/2.3.0/gems/actionpack-4.2.6/lib/action_dispatch/middleware/templates/rescues/routing_error.html.erb within rescues/layout (109.9ms)
  Rendered /Users/hayashiyoshino/.rbenv/versions/2.3.1/lib/ruby/gems/2.3.0/gems/web-console-2.3.0/lib/web_console/templates/_markup.html.erb (0.8ms)
  Rendered /Users/hayashiyoshino/.rbenv/versions/2.3.1/lib/ruby/gems/2.3.0/gems/web-console-2.3.0/lib/web_console/templates/_inner_console_markup.html.erb within layouts/inlined_string (0.5ms)
  Rendered /Users/hayashiyoshino/.rbenv/versions/2.3.1/lib/ruby/gems/2.3.0/gems/web-console-2.3.0/lib/web_console/templates/_prompt_box_markup.html.erb within layouts/inlined_string (0.5ms)
  Rendered /Users/hayashiyoshino/.rbenv/versions/2.3.1/lib/ruby/gems/2.3.0/gems/web-console-2.3.0/lib/web_console/templates/style.css.erb within layouts/inlined_string (0.4ms)
  Rendered /Users/hayashiyoshino/.rbenv/versions/2.3.1/lib/ruby/gems/2.3.0/gems/web-console-2.3.0/lib/web_console/templates/console.js.erb within layouts/javascript (83.7ms)
  Rendered /Users/hayashiyoshino/.rbenv/versions/2.3.1/lib/ruby/gems/2.3.0/gems/web-console-2.3.0/lib/web_console/templates/main.js.erb within layouts/javascript (0.5ms)
  Rendered /Users/hayashiyoshino/.rbenv/versions/2.3.1/lib/ruby/gems/2.3.0/gems/web-console-2.3.0/lib/web_console/templates/error_page.js.erb within layouts/javascript (0.8ms)
  Rendered /Users/hayashiyoshino/.rbenv/versions/2.3.1/lib/ruby/gems/2.3.0/gems/web-console-2.3.0/lib/web_console/templates/index.html.erb (179.9ms)


Started GET "/todos" for ::1 at 2018-09-29 20:31:40 +0900
  [1m[36mActiveRecord::SchemaMigration Load (0.5ms)[0m  [1mSELECT `schema_migrations`.* FROM `schema_migrations`[0m

ActionController::RoutingError (No route matches [GET] "/todos"):
  actionpack (4.2.6) lib/action_dispatch/middleware/debug_exceptions.rb:21:in `call'
  web-console (2.3.0) lib/web_console/middleware.rb:28:in `block in call'
  web-console (2.3.0) lib/web_console/middleware.rb:18:in `catch'
  web-console (2.3.0) lib/web_console/middleware.rb:18:in `call'
  actionpack (4.2.6) lib/action_dispatch/middleware/show_exceptions.rb:30:in `call'
  railties (4.2.6) lib/rails/rack/logger.rb:38:in `call_app'
  railties (4.2.6) lib/rails/rack/logger.rb:20:in `block in call'
  activesupport (4.2.6) lib/active_support/tagged_logging.rb:68:in `block in tagged'
  activesupport (4.2.6) lib/active_support/tagged_logging.rb:26:in `tagged'
  activesupport (4.2.6) lib/active_support/tagged_logging.rb:68:in `tagged'
  railties (4.2.6) lib/rails/rack/logger.rb:20:in `call'
  actionpack (4.2.6) lib/action_dispatch/middleware/request_id.rb:21:in `call'
  rack (1.6.5) lib/rack/methodoverride.rb:22:in `call'
  rack (1.6.5) lib/rack/runtime.rb:18:in `call'
  activesupport (4.2.6) lib/active_support/cache/strategy/local_cache_middleware.rb:28:in `call'
  rack (1.6.5) lib/rack/lock.rb:17:in `call'
  actionpack (4.2.6) lib/action_dispatch/middleware/static.rb:120:in `call'
  rack (1.6.5) lib/rack/sendfile.rb:113:in `call'
  railties (4.2.6) lib/rails/engine.rb:518:in `call'
  railties (4.2.6) lib/rails/application.rb:165:in `call'
  rack (1.6.5) lib/rack/lock.rb:17:in `call'
  rack (1.6.5) lib/rack/content_length.rb:15:in `call'
  rack (1.6.5) lib/rack/handler/webrick.rb:88:in `service'
  /Users/hayashiyoshino/.rbenv/versions/2.3.1/lib/ruby/2.3.0/webrick/httpserver.rb:140:in `service'
  /Users/hayashiyoshino/.rbenv/versions/2.3.1/lib/ruby/2.3.0/webrick/httpserver.rb:96:in `run'
  /Users/hayashiyoshino/.rbenv/versions/2.3.1/lib/ruby/2.3.0/webrick/server.rb:296:in `block in start_thread'


  Rendered /Users/hayashiyoshino/.rbenv/versions/2.3.1/lib/ruby/gems/2.3.0/gems/actionpack-4.2.6/lib/action_dispatch/middleware/templates/rescues/_trace.html.erb (2.4ms)
  Rendered /Users/hayashiyoshino/.rbenv/versions/2.3.1/lib/ruby/gems/2.3.0/gems/actionpack-4.2.6/lib/action_dispatch/middleware/templates/routes/_route.html.erb (0.6ms)
  Rendered /Users/hayashiyoshino/.rbenv/versions/2.3.1/lib/ruby/gems/2.3.0/gems/actionpack-4.2.6/lib/action_dispatch/middleware/templates/routes/_table.html.erb (11.4ms)
  Rendered /Users/hayashiyoshino/.rbenv/versions/2.3.1/lib/ruby/gems/2.3.0/gems/actionpack-4.2.6/lib/action_dispatch/middleware/templates/rescues/_request_and_response.html.erb (10.5ms)
  Rendered /Users/hayashiyoshino/.rbenv/versions/2.3.1/lib/ruby/gems/2.3.0/gems/actionpack-4.2.6/lib/action_dispatch/middleware/templates/rescues/routing_error.html.erb within rescues/layout (156.4ms)
  Rendered /Users/hayashiyoshino/.rbenv/versions/2.3.1/lib/ruby/gems/2.3.0/gems/web-console-2.3.0/lib/web_console/templates/_markup.html.erb (0.4ms)
  Rendered /Users/hayashiyoshino/.rbenv/versions/2.3.1/lib/ruby/gems/2.3.0/gems/web-console-2.3.0/lib/web_console/templates/_inner_console_markup.html.erb within layouts/inlined_string (0.3ms)
  Rendered /Users/hayashiyoshino/.rbenv/versions/2.3.1/lib/ruby/gems/2.3.0/gems/web-console-2.3.0/lib/web_console/templates/_prompt_box_markup.html.erb within layouts/inlined_string (0.2ms)
  Rendered /Users/hayashiyoshino/.rbenv/versions/2.3.1/lib/ruby/gems/2.3.0/gems/web-console-2.3.0/lib/web_console/templates/style.css.erb within layouts/inlined_string (0.3ms)
  Rendered /Users/hayashiyoshino/.rbenv/versions/2.3.1/lib/ruby/gems/2.3.0/gems/web-console-2.3.0/lib/web_console/templates/console.js.erb within layouts/javascript (83.4ms)
  Rendered /Users/hayashiyoshino/.rbenv/versions/2.3.1/lib/ruby/gems/2.3.0/gems/web-console-2.3.0/lib/web_console/templates/main.js.erb within layouts/javascript (0.2ms)
  Rendered /Users/hayashiyoshino/.rbenv/versions/2.3.1/lib/ruby/gems/2.3.0/gems/web-console-2.3.0/lib/web_console/templates/error_page.js.erb within layouts/javascript (0.3ms)
  Rendered /Users/hayashiyoshino/.rbenv/versions/2.3.1/lib/ruby/gems/2.3.0/gems/web-console-2.3.0/lib/web_console/templates/index.html.erb (183.1ms)


Started GET "/todos" for ::1 at 2018-09-29 20:31:56 +0900
Processing by TodosController#index as HTML
  [1m[35mTodo Load (0.5ms)[0m  SELECT `todos`.* FROM `todos`  ORDER BY created_at ASC
  Rendered todos/_todo.html.erb (0.6ms)
  Rendered todos/index.html.erb within layouts/application (9.8ms)
Completed 200 OK in 332ms (Views: 299.4ms | ActiveRecord: 26.4ms)


Started GET "/todos" for ::1 at 2018-09-29 20:32:11 +0900
Processing by TodosController#index as HTML
  [1m[36mTodo Load (0.4ms)[0m  [1mSELECT `todos`.* FROM `todos`  ORDER BY created_at ASC[0m
  Rendered todos/_todo.html.erb (0.1ms)
  Rendered todos/index.html.erb within layouts/application (4.7ms)
Completed 200 OK in 29ms (Views: 28.3ms | ActiveRecord: 0.4ms)


Started GET "/todos" for ::1 at 2018-09-29 20:32:45 +0900
Processing by TodosController#index as HTML
  [1m[35mTodo Load (0.2ms)[0m  SELECT `todos`.* FROM `todos`  ORDER BY created_at ASC
  Rendered collection (0.0ms)
  Rendered todos/index.html.erb within layouts/application (1.4ms)
Completed 200 OK in 22ms (Views: 21.1ms | ActiveRecord: 0.2ms)


Started POST "/todos.json" for ::1 at 2018-09-29 20:33:06 +0900
Processing by TodosController#create as JSON
  Parameters: {"todo"=>{"content"=>"12時に寝る"}}
  [1m[36m (0.4ms)[0m  [1mBEGIN[0m
  [1m[35mSQL (40.8ms)[0m  INSERT INTO `todos` (`content`, `created_at`, `updated_at`) VALUES ('12時に寝る', '2018-09-29 11:33:06', '2018-09-29 11:33:06')
  [1m[36m (0.6ms)[0m  [1mCOMMIT[0m
Completed 200 OK in 48ms (Views: 0.8ms | ActiveRecord: 41.7ms)


Started POST "/todos.json" for ::1 at 2018-09-29 20:33:26 +0900
Processing by TodosController#create as JSON
  Parameters: {"todo"=>{"content"=>"ブログを書く"}}
  [1m[35m (0.1ms)[0m  BEGIN
  [1m[36mSQL (0.2ms)[0m  [1mINSERT INTO `todos` (`content`, `created_at`, `updated_at`) VALUES ('ブログを書く', '2018-09-29 11:33:26', '2018-09-29 11:33:26')[0m
  [1m[35m (0.3ms)[0m  COMMIT
Completed 200 OK in 3ms (Views: 0.2ms | ActiveRecord: 0.7ms)


Started POST "/todos.json" for ::1 at 2018-09-29 20:34:14 +0900
Processing by TodosController#create as JSON
  Parameters: {"todo"=>{"content"=>"PC拭く"}}
  [1m[36m (0.1ms)[0m  [1mBEGIN[0m
  [1m[35mSQL (0.2ms)[0m  INSERT INTO `todos` (`content`, `created_at`, `updated_at`) VALUES ('PC拭く', '2018-09-29 11:34:14', '2018-09-29 11:34:14')
  [1m[36m (5.3ms)[0m  [1mCOMMIT[0m
Completed 200 OK in 9ms (Views: 0.2ms | ActiveRecord: 5.6ms)


Started GET "/todos.json" for ::1 at 2018-09-29 20:35:28 +0900
Processing by TodosController#index as JSON
Completed 200 OK in 17ms (Views: 2.2ms | ActiveRecord: 0.0ms)


Started GET "/todos.xml" for ::1 at 2018-09-29 20:36:03 +0900
Processing by TodosController#index as XML
Completed 200 OK in 73ms (Views: 69.9ms | ActiveRecord: 0.0ms)
